

[2024-05-07T07:38:11.183Z] [INFO] brown fox jump on the lazy dog. (File: d:\javascripts_basics\JavaScript_basic_front-end\core-javascript\js1_lex.js:18:8)
[2024-05-07T07:38:11.197Z] [INFO] the length of the string is :31 (File: d:\javascripts_basics\JavaScript_basic_front-end\core-javascript\js1_lex.js:21:8)
[2024-05-07T07:43:11.153Z] [INFO] brown fox jump on the lazy dog. (File: d:\javascripts_basics\JavaScript_basic_front-end\core-javascript\js1_lex.js:18:8)
[2024-05-07T07:43:11.166Z] [INFO] the length of the string is :31 (File: d:\javascripts_basics\JavaScript_basic_front-end\core-javascript\js1_lex.js:21:8)
[2024-05-07T07:43:11.167Z] [INFO] the position of 0 is b (File: d:\javascripts_basics\JavaScript_basic_front-end\core-javascript\js1_lex.js:27:8)
[2024-05-07T08:54:32.176Z] [INFO] brown fox jump on the lazy dog. (File: d:\javascripts_basics\JavaScript_basic_front-end\core-javascript\js1_lex.js:18:8)
[2024-05-07T08:54:32.184Z] [INFO] the length of the string is :31 (File: d:\javascripts_basics\JavaScript_basic_front-end\core-javascript\js1_lex.js:21:8)
[2024-05-07T08:54:32.187Z] [INFO] the substring is : wn fox jump on the lazy dog. (File: d:\javascripts_basics\JavaScript_basic_front-end\core-javascript\js1_lex.js:34:8)
[2024-05-07T08:54:32.186Z] [INFO] the position of 0 is b (File: d:\javascripts_basics\JavaScript_basic_front-end\core-javascript\js1_lex.js:27:8)
[2024-05-07T08:57:40.278Z] [INFO] brown fox jump on the lazy dog. (File: d:\javascripts_basics\JavaScript_basic_front-end\core-javascript\js1_lex.js:18:8)
[2024-05-07T08:57:40.294Z] [INFO] the position of 0 is b (File: d:\javascripts_basics\JavaScript_basic_front-end\core-javascript\js1_lex.js:27:8)
[2024-05-07T08:57:40.295Z] [INFO] the substring is : wn fox jump on the lazy dog. (File: d:\javascripts_basics\JavaScript_basic_front-end\core-javascript\js1_lex.js:34:8)
[2024-05-07T08:57:40.297Z] [INFO] After the upper case the string is : BROWN FOX JUMP ON THE LAZY DOG.  (File: d:\javascripts_basics\JavaScript_basic_front-end\core-javascript\js1_lex.js:39:8)
[2024-05-07T08:57:40.293Z] [INFO] the length of the string is :31 (File: d:\javascripts_basics\JavaScript_basic_front-end\core-javascript\js1_lex.js:21:8)
[2024-05-07T09:02:50.987Z] [INFO] brown fox jump on the lazy dog. (File: d:\javascripts_basics\JavaScript_basic_front-end\core-javascript\js1_lex.js:18:8)
[2024-05-07T09:02:50.999Z] [INFO] the length of the string is :31 (File: d:\javascripts_basics\JavaScript_basic_front-end\core-javascript\js1_lex.js:21:8)
[2024-05-07T09:02:51.001Z] [INFO] the position of 0 is b (File: d:\javascripts_basics\JavaScript_basic_front-end\core-javascript\js1_lex.js:27:8)
[2024-05-07T09:02:51.002Z] [INFO] the substring is : wn fox jump on the lazy dog. (File: d:\javascripts_basics\JavaScript_basic_front-end\core-javascript\js1_lex.js:34:8)
[2024-05-07T09:02:51.002Z] [INFO] After the upper case the string is : BROWN FOX JUMP ON THE LAZY DOG.  (File: d:\javascripts_basics\JavaScript_basic_front-end\core-javascript\js1_lex.js:39:8)
[2024-05-07T09:02:51.004Z] [INFO] After slicing the string will be : og. (File: d:\javascripts_basics\JavaScript_basic_front-end\core-javascript\js1_lex.js:46:8)
[2024-05-07T09:13:47.142Z] [INFO] brown fox jump on the lazy dog. (File: d:\javascripts_basics\JavaScript_basic_front-end\core-javascript\js1_lex.js:18:8)
[2024-05-07T09:13:47.156Z] [INFO] the length of the string is :31 (File: d:\javascripts_basics\JavaScript_basic_front-end\core-javascript\js1_lex.js:21:8)
[2024-05-07T09:13:47.158Z] [INFO] the substring is : wn fox jump on the lazy dog. (File: d:\javascripts_basics\JavaScript_basic_front-end\core-javascript\js1_lex.js:34:8)
[2024-05-07T09:13:47.156Z] [INFO] the position of 0 is b (File: d:\javascripts_basics\JavaScript_basic_front-end\core-javascript\js1_lex.js:27:8)
[2024-05-07T09:13:47.162Z] [INFO] After the upper case the string is : BROWN FOX JUMP ON THE LAZY DOG.  (File: d:\javascripts_basics\JavaScript_basic_front-end\core-javascript\js1_lex.js:39:8)
[2024-05-07T09:13:47.166Z] [INFO] After slicing the string will be : og. (File: d:\javascripts_basics\JavaScript_basic_front-end\core-javascript\js1_lex.js:46:8)
[2024-05-07T09:14:25.003Z] [INFO] brown fox jump on the lazy dog. (File: d:\javascripts_basics\JavaScript_basic_front-end\core-javascript\js1_lex.js:18:8)
[2024-05-07T09:14:25.015Z] [INFO] the length of the string is :31 (File: d:\javascripts_basics\JavaScript_basic_front-end\core-javascript\js1_lex.js:21:8)
[2024-05-07T09:14:25.017Z] [INFO] the position of 0 is b (File: d:\javascripts_basics\JavaScript_basic_front-end\core-javascript\js1_lex.js:27:8)
[2024-05-07T09:14:25.019Z] [INFO] the substring is : wn fox jump on the lazy dog. (File: d:\javascripts_basics\JavaScript_basic_front-end\core-javascript\js1_lex.js:34:8)
[2024-05-07T09:14:25.020Z] [INFO] After the upper case the string is : BROWN FOX JUMP ON THE LAZY DOG.  (File: d:\javascripts_basics\JavaScript_basic_front-end\core-javascript\js1_lex.js:39:8)
[2024-05-07T09:14:25.022Z] [INFO] After slicing the string will be : og. (File: d:\javascripts_basics\JavaScript_basic_front-end\core-javascript\js1_lex.js:46:8)
[2024-05-07T09:14:25.026Z] [INFO] this is true. (File: d:\javascripts_basics\JavaScript_basic_front-end\core-javascript\js1_lex.js:52:12)
